This file contains any messages produced by compilers while
running configure, to aid debugging if configure makes a mistake.

It was created by FreeType configure 2.3.9, which was
generated by GNU Autoconf 2.63.  Invocation command line was

  $ ./configure --build=i686-linux --host=arm-linux --target=arm-linux --prefix=/usr/local/minigui/cross/arm/cortex-m3 --enable-static=yes --enable-shared=no

## --------- ##
## Platform. ##
## --------- ##

hostname = hujiafu-virtual-machine
uname -m = x86_64
uname -r = 3.2.0-90-generic
uname -s = Linux
uname -v = #128-Ubuntu SMP Fri Aug 14 21:43:58 UTC 2015

/usr/bin/uname -p = unknown
/bin/uname -X     = unknown

/bin/arch              = unknown
/usr/bin/arch -k       = unknown
/usr/convex/getsysinfo = unknown
/usr/bin/hostinfo      = unknown
/bin/machine           = unknown
/usr/bin/oslevel       = unknown
/bin/universe          = unknown

PATH: /usr/local/sbin
PATH: /usr/local/bin
PATH: /usr/sbin
PATH: /usr/bin
PATH: /sbin
PATH: /bin
PATH: /usr/games
PATH: /usr/local/arm/gcc-4.4.4-glibc-2.11.1-multilib-1.0/arm-fsl-linux-gnueabi/bin
PATH: /home/hujiafu/uclinux/git_uclinux/lpc1788_uclinux/cortexm_uclinux-master/cross_tools/arm-2010q1-uclinux/bin


## ----------- ##
## Core tests. ##
## ----------- ##

configure:2072: checking build system type
configure:2090: result: i686-pc-linux-gnu
configure:2112: checking host system type
configure:2127: result: arm-unknown-linux-gnu
configure:2161: checking for arm-linux-gcc
configure:2188: result: arm-uclinuxeabi-gcc
configure:2460: checking for C compiler version
configure:2468: arm-uclinuxeabi-gcc --version >&5
arm-uclinuxeabi-gcc (Sourcery G++ Lite 2010q1-189) 4.4.1
Copyright (C) 2009 Free Software Foundation, Inc.
This is free software; see the source for copying conditions.  There is NO
warranty; not even for MERCHANTABILITY or FITNESS FOR A PARTICULAR PURPOSE.

configure:2472: $? = 0
configure:2479: arm-uclinuxeabi-gcc -v >&5
Using built-in specs.
Target: arm-uclinuxeabi
Configured with: /scratch/julian/2010q1-release-uclinux-lite/src/gcc-4.4-2010q1/configure --build=i686-pc-linux-gnu --host=i686-pc-linux-gnu --target=arm-uclinuxeabi --enable-threads --disable-libmudflap --disable-libssp --disable-libstdcxx-pch --enable-extra-sgxxlite-multilibs --with-gnu-as --with-gnu-ld --with-specs='%{O2:%{!fno-remove-local-statics: -fremove-local-statics}} %{O*:%{O|O0|O1|O2|Os:;:%{!fno-remove-local-statics: -fremove-local-statics}}}' --enable-languages=c,c++ --disable-shared --disable-lto --with-pkgversion='Sourcery G++ Lite 2010q1-189' --with-bugurl=https://support.codesourcery.com/GNUToolchain/ --disable-nls --prefix=/opt/codesourcery --with-sysroot=/opt/codesourcery/arm-uclinuxeabi/libc --with-build-sysroot=/scratch/julian/2010q1-release-uclinux-lite/install/arm-uclinuxeabi/libc --with-gmp=/scratch/julian/2010q1-release-uclinux-lite/obj/host-libs-2010q1-189-arm-uclinuxeabi-i686-pc-linux-gnu/usr --with-mpfr=/scratch/julian/2010q1-release-uclinux-lite/obj/host-libs-2010q1-189-arm-uclinuxeabi-i686-pc-linux-gnu/usr --with-ppl=/scratch/julian/2010q1-release-uclinux-lite/obj/host-libs-2010q1-189-arm-uclinuxeabi-i686-pc-linux-gnu/usr --with-host-libstdcxx='-static-libgcc -Wl,-Bstatic,-lstdc++,-Bdynamic -lm' --with-cloog=/scratch/julian/2010q1-release-uclinux-lite/obj/host-libs-2010q1-189-arm-uclinuxeabi-i686-pc-linux-gnu/usr --disable-libgomp --enable-poison-system-directories --with-build-time-tools=/scratch/julian/2010q1-release-uclinux-lite/install/arm-uclinuxeabi/bin --with-build-time-tools=/scratch/julian/2010q1-release-uclinux-lite/install/arm-uclinuxeabi/bin
Thread model: single
gcc version 4.4.1 (Sourcery G++ Lite 2010q1-189) 
configure:2483: $? = 0
configure:2490: arm-uclinuxeabi-gcc -V >&5
arm-uclinuxeabi-gcc: '-V' option must have argument
configure:2494: $? = 1
configure:2517: checking for C compiler default output file name
configure:2539: arm-uclinuxeabi-gcc -I. -I/usr/local/minigui/cross/arm/cortex-m3/include -mcpu=cortex-m3 -mthumb  -L/usr/local/minigui/cross/arm/cortex-m3/lib conftest.c  >&5
configure:2543: $? = 0
configure:2581: result: a.out
configure:2600: checking whether the C compiler works
configure:2633: result: yes
configure:2640: checking whether we are cross compiling
configure:2642: result: yes
configure:2645: checking for suffix of executables
configure:2652: arm-uclinuxeabi-gcc -o conftest -I. -I/usr/local/minigui/cross/arm/cortex-m3/include -mcpu=cortex-m3 -mthumb  -L/usr/local/minigui/cross/arm/cortex-m3/lib conftest.c  >&5
configure:2656: $? = 0
configure:2682: result: 
configure:2688: checking for suffix of object files
configure:2714: arm-uclinuxeabi-gcc -c -I. -I/usr/local/minigui/cross/arm/cortex-m3/include -mcpu=cortex-m3 -mthumb  conftest.c >&5
configure:2718: $? = 0
configure:2743: result: o
configure:2747: checking whether we are using the GNU C compiler
configure:2776: arm-uclinuxeabi-gcc -c -I. -I/usr/local/minigui/cross/arm/cortex-m3/include -mcpu=cortex-m3 -mthumb  conftest.c >&5
configure:2783: $? = 0
configure:2800: result: yes
configure:2809: checking whether arm-uclinuxeabi-gcc accepts -g
configure:2839: arm-uclinuxeabi-gcc -c -g  conftest.c >&5
configure:2846: $? = 0
configure:2947: result: yes
configure:2964: checking for arm-uclinuxeabi-gcc option to accept ISO C89
configure:3038: arm-uclinuxeabi-gcc  -c -I. -I/usr/local/minigui/cross/arm/cortex-m3/include -mcpu=cortex-m3 -mthumb  conftest.c >&5
configure:3045: $? = 0
configure:3068: result: none needed
configure:3091: checking how to run the C preprocessor
configure:3131: arm-uclinuxeabi-gcc -E  conftest.c
configure:3138: $? = 0
configure:3169: arm-uclinuxeabi-gcc -E  conftest.c
conftest.c:8: fatal error: ac_nonexistent.h: No such file or directory
compilation terminated.
configure:3176: $? = 1
configure: failed program was:
| /* confdefs.h.  */
| #define PACKAGE_NAME "FreeType"
| #define PACKAGE_TARNAME "freetype"
| #define PACKAGE_VERSION "2.3.9"
| #define PACKAGE_STRING "FreeType 2.3.9"
| #define PACKAGE_BUGREPORT "freetype@nongnu.org"
| /* end confdefs.h.  */
| #include <ac_nonexistent.h>
configure:3209: result: arm-uclinuxeabi-gcc -E
configure:3238: arm-uclinuxeabi-gcc -E  conftest.c
configure:3245: $? = 0
configure:3276: arm-uclinuxeabi-gcc -E  conftest.c
conftest.c:8: fatal error: ac_nonexistent.h: No such file or directory
compilation terminated.
configure:3283: $? = 1
configure: failed program was:
| /* confdefs.h.  */
| #define PACKAGE_NAME "FreeType"
| #define PACKAGE_TARNAME "freetype"
| #define PACKAGE_VERSION "2.3.9"
| #define PACKAGE_STRING "FreeType 2.3.9"
| #define PACKAGE_BUGREPORT "freetype@nongnu.org"
| /* end confdefs.h.  */
| #include <ac_nonexistent.h>
configure:3330: checking for i686-pc-linux-gnu-gcc
configure:3360: result: no
configure:3367: checking for gcc
configure:3383: found /usr/bin/gcc
configure:3394: result: gcc
configure:3404: checking for gcc
configure:3448: result: gcc
configure:3460: checking for suffix of native executables
configure:3475: result: 
configure:3517: checking for rm
configure:3533: found /bin/rm
configure:3544: result: rm -f
configure:3554: checking for rmdir
configure:3570: found /bin/rmdir
configure:3581: result: rmdir
configure:3609: checking for a BSD-compatible install
configure:3677: result: /usr/bin/install -c
configure:3700: checking for grep that handles long lines and -e
configure:3760: result: /bin/grep
configure:3765: checking for egrep
configure:3829: result: /bin/grep -E
configure:3834: checking for ANSI C header files
configure:3864: arm-uclinuxeabi-gcc -c -I. -I/usr/local/minigui/cross/arm/cortex-m3/include -mcpu=cortex-m3 -mthumb  conftest.c >&5
configure:3871: $? = 0
configure:4002: result: yes
configure:4026: checking for sys/types.h
configure:4047: arm-uclinuxeabi-gcc -c -I. -I/usr/local/minigui/cross/arm/cortex-m3/include -mcpu=cortex-m3 -mthumb  conftest.c >&5
configure:4054: $? = 0
configure:4071: result: yes
configure:4026: checking for sys/stat.h
configure:4047: arm-uclinuxeabi-gcc -c -I. -I/usr/local/minigui/cross/arm/cortex-m3/include -mcpu=cortex-m3 -mthumb  conftest.c >&5
configure:4054: $? = 0
configure:4071: result: yes
configure:4026: checking for stdlib.h
configure:4047: arm-uclinuxeabi-gcc -c -I. -I/usr/local/minigui/cross/arm/cortex-m3/include -mcpu=cortex-m3 -mthumb  conftest.c >&5
configure:4054: $? = 0
configure:4071: result: yes
configure:4026: checking for string.h
configure:4047: arm-uclinuxeabi-gcc -c -I. -I/usr/local/minigui/cross/arm/cortex-m3/include -mcpu=cortex-m3 -mthumb  conftest.c >&5
configure:4054: $? = 0
configure:4071: result: yes
configure:4026: checking for memory.h
configure:4047: arm-uclinuxeabi-gcc -c -I. -I/usr/local/minigui/cross/arm/cortex-m3/include -mcpu=cortex-m3 -mthumb  conftest.c >&5
configure:4054: $? = 0
configure:4071: result: yes
configure:4026: checking for strings.h
configure:4047: arm-uclinuxeabi-gcc -c -I. -I/usr/local/minigui/cross/arm/cortex-m3/include -mcpu=cortex-m3 -mthumb  conftest.c >&5
configure:4054: $? = 0
configure:4071: result: yes
configure:4026: checking for inttypes.h
configure:4047: arm-uclinuxeabi-gcc -c -I. -I/usr/local/minigui/cross/arm/cortex-m3/include -mcpu=cortex-m3 -mthumb  conftest.c >&5
configure:4054: $? = 0
configure:4071: result: yes
configure:4026: checking for stdint.h
configure:4047: arm-uclinuxeabi-gcc -c -I. -I/usr/local/minigui/cross/arm/cortex-m3/include -mcpu=cortex-m3 -mthumb  conftest.c >&5
configure:4054: $? = 0
configure:4071: result: yes
configure:4026: checking for unistd.h
configure:4047: arm-uclinuxeabi-gcc -c -I. -I/usr/local/minigui/cross/arm/cortex-m3/include -mcpu=cortex-m3 -mthumb  conftest.c >&5
configure:4054: $? = 0
configure:4071: result: yes
configure:4102: checking fcntl.h usability
configure:4119: arm-uclinuxeabi-gcc -c -I. -I/usr/local/minigui/cross/arm/cortex-m3/include -mcpu=cortex-m3 -mthumb  conftest.c >&5
configure:4126: $? = 0
configure:4140: result: yes
configure:4144: checking fcntl.h presence
configure:4159: arm-uclinuxeabi-gcc -E  conftest.c
configure:4166: $? = 0
configure:4180: result: yes
configure:4213: checking for fcntl.h
configure:4222: result: yes
configure:4091: checking for unistd.h
configure:4098: result: yes
configure:4241: checking for an ANSI C-conforming const
configure:4316: arm-uclinuxeabi-gcc -c -I. -I/usr/local/minigui/cross/arm/cortex-m3/include -mcpu=cortex-m3 -mthumb  conftest.c >&5
configure:4323: $? = 0
configure:4338: result: yes
configure:4352: checking size of int
configure:4382: arm-uclinuxeabi-gcc -c -I. -I/usr/local/minigui/cross/arm/cortex-m3/include -mcpu=cortex-m3 -mthumb  conftest.c >&5
configure:4389: $? = 0
configure:4419: arm-uclinuxeabi-gcc -c -I. -I/usr/local/minigui/cross/arm/cortex-m3/include -mcpu=cortex-m3 -mthumb  conftest.c >&5
conftest.c: In function 'main':
conftest.c:56: error: size of array 'test_array' is negative
configure:4426: $? = 1
configure: failed program was:
| /* confdefs.h.  */
| #define PACKAGE_NAME "FreeType"
| #define PACKAGE_TARNAME "freetype"
| #define PACKAGE_VERSION "2.3.9"
| #define PACKAGE_STRING "FreeType 2.3.9"
| #define PACKAGE_BUGREPORT "freetype@nongnu.org"
| #define STDC_HEADERS 1
| #define HAVE_SYS_TYPES_H 1
| #define HAVE_SYS_STAT_H 1
| #define HAVE_STDLIB_H 1
| #define HAVE_STRING_H 1
| #define HAVE_MEMORY_H 1
| #define HAVE_STRINGS_H 1
| #define HAVE_INTTYPES_H 1
| #define HAVE_STDINT_H 1
| #define HAVE_UNISTD_H 1
| #define HAVE_FCNTL_H 1
| #define HAVE_UNISTD_H 1
| /* end confdefs.h.  */
| #include <stdio.h>
| #ifdef HAVE_SYS_TYPES_H
| # include <sys/types.h>
| #endif
| #ifdef HAVE_SYS_STAT_H
| # include <sys/stat.h>
| #endif
| #ifdef STDC_HEADERS
| # include <stdlib.h>
| # include <stddef.h>
| #else
| # ifdef HAVE_STDLIB_H
| #  include <stdlib.h>
| # endif
| #endif
| #ifdef HAVE_STRING_H
| # if !defined STDC_HEADERS && defined HAVE_MEMORY_H
| #  include <memory.h>
| # endif
| # include <string.h>
| #endif
| #ifdef HAVE_STRINGS_H
| # include <strings.h>
| #endif
| #ifdef HAVE_INTTYPES_H
| # include <inttypes.h>
| #endif
| #ifdef HAVE_STDINT_H
| # include <stdint.h>
| #endif
| #ifdef HAVE_UNISTD_H
| # include <unistd.h>
| #endif
| int
| main ()
| {
| static int test_array [1 - 2 * !(((long int) (sizeof (int))) <= 0)];
| test_array [0] = 0
| 
|   ;
|   return 0;
| }
configure:4419: arm-uclinuxeabi-gcc -c -I. -I/usr/local/minigui/cross/arm/cortex-m3/include -mcpu=cortex-m3 -mthumb  conftest.c >&5
conftest.c: In function 'main':
conftest.c:56: error: size of array 'test_array' is negative
configure:4426: $? = 1
configure: failed program was:
| /* confdefs.h.  */
| #define PACKAGE_NAME "FreeType"
| #define PACKAGE_TARNAME "freetype"
| #define PACKAGE_VERSION "2.3.9"
| #define PACKAGE_STRING "FreeType 2.3.9"
| #define PACKAGE_BUGREPORT "freetype@nongnu.org"
| #define STDC_HEADERS 1
| #define HAVE_SYS_TYPES_H 1
| #define HAVE_SYS_STAT_H 1
| #define HAVE_STDLIB_H 1
| #define HAVE_STRING_H 1
| #define HAVE_MEMORY_H 1
| #define HAVE_STRINGS_H 1
| #define HAVE_INTTYPES_H 1
| #define HAVE_STDINT_H 1
| #define HAVE_UNISTD_H 1
| #define HAVE_FCNTL_H 1
| #define HAVE_UNISTD_H 1
| /* end confdefs.h.  */
| #include <stdio.h>
| #ifdef HAVE_SYS_TYPES_H
| # include <sys/types.h>
| #endif
| #ifdef HAVE_SYS_STAT_H
| # include <sys/stat.h>
| #endif
| #ifdef STDC_HEADERS
| # include <stdlib.h>
| # include <stddef.h>
| #else
| # ifdef HAVE_STDLIB_H
| #  include <stdlib.h>
| # endif
| #endif
| #ifdef HAVE_STRING_H
| # if !defined STDC_HEADERS && defined HAVE_MEMORY_H
| #  include <memory.h>
| # endif
| # include <string.h>
| #endif
| #ifdef HAVE_STRINGS_H
| # include <strings.h>
| #endif
| #ifdef HAVE_INTTYPES_H
| # include <inttypes.h>
| #endif
| #ifdef HAVE_STDINT_H
| # include <stdint.h>
| #endif
| #ifdef HAVE_UNISTD_H
| # include <unistd.h>
| #endif
| int
| main ()
| {
| static int test_array [1 - 2 * !(((long int) (sizeof (int))) <= 1)];
| test_array [0] = 0
| 
|   ;
|   return 0;
| }
configure:4419: arm-uclinuxeabi-gcc -c -I. -I/usr/local/minigui/cross/arm/cortex-m3/include -mcpu=cortex-m3 -mthumb  conftest.c >&5
conftest.c: In function 'main':
conftest.c:56: error: size of array 'test_array' is negative
configure:4426: $? = 1
configure: failed program was:
| /* confdefs.h.  */
| #define PACKAGE_NAME "FreeType"
| #define PACKAGE_TARNAME "freetype"
| #define PACKAGE_VERSION "2.3.9"
| #define PACKAGE_STRING "FreeType 2.3.9"
| #define PACKAGE_BUGREPORT "freetype@nongnu.org"
| #define STDC_HEADERS 1
| #define HAVE_SYS_TYPES_H 1
| #define HAVE_SYS_STAT_H 1
| #define HAVE_STDLIB_H 1
| #define HAVE_STRING_H 1
| #define HAVE_MEMORY_H 1
| #define HAVE_STRINGS_H 1
| #define HAVE_INTTYPES_H 1
| #define HAVE_STDINT_H 1
| #define HAVE_UNISTD_H 1
| #define HAVE_FCNTL_H 1
| #define HAVE_UNISTD_H 1
| /* end confdefs.h.  */
| #include <stdio.h>
| #ifdef HAVE_SYS_TYPES_H
| # include <sys/types.h>
| #endif
| #ifdef HAVE_SYS_STAT_H
| # include <sys/stat.h>
| #endif
| #ifdef STDC_HEADERS
| # include <stdlib.h>
| # include <stddef.h>
| #else
| # ifdef HAVE_STDLIB_H
| #  include <stdlib.h>
| # endif
| #endif
| #ifdef HAVE_STRING_H
| # if !defined STDC_HEADERS && defined HAVE_MEMORY_H
| #  include <memory.h>
| # endif
| # include <string.h>
| #endif
| #ifdef HAVE_STRINGS_H
| # include <strings.h>
| #endif
| #ifdef HAVE_INTTYPES_H
| # include <inttypes.h>
| #endif
| #ifdef HAVE_STDINT_H
| # include <stdint.h>
| #endif
| #ifdef HAVE_UNISTD_H
| # include <unistd.h>
| #endif
| int
| main ()
| {
| static int test_array [1 - 2 * !(((long int) (sizeof (int))) <= 3)];
| test_array [0] = 0
| 
|   ;
|   return 0;
| }
configure:4419: arm-uclinuxeabi-gcc -c -I. -I/usr/local/minigui/cross/arm/cortex-m3/include -mcpu=cortex-m3 -mthumb  conftest.c >&5
configure:4426: $? = 0
configure:4574: arm-uclinuxeabi-gcc -c -I. -I/usr/local/minigui/cross/arm/cortex-m3/include -mcpu=cortex-m3 -mthumb  conftest.c >&5
configure:4581: $? = 0
configure:4574: arm-uclinuxeabi-gcc -c -I. -I/usr/local/minigui/cross/arm/cortex-m3/include -mcpu=cortex-m3 -mthumb  conftest.c >&5
configure:4581: $? = 0
configure:4697: result: 4
configure:4711: checking size of long
configure:4741: arm-uclinuxeabi-gcc -c -I. -I/usr/local/minigui/cross/arm/cortex-m3/include -mcpu=cortex-m3 -mthumb  conftest.c >&5
configure:4748: $? = 0
configure:4778: arm-uclinuxeabi-gcc -c -I. -I/usr/local/minigui/cross/arm/cortex-m3/include -mcpu=cortex-m3 -mthumb  conftest.c >&5
conftest.c: In function 'main':
conftest.c:57: error: size of array 'test_array' is negative
configure:4785: $? = 1
configure: failed program was:
| /* confdefs.h.  */
| #define PACKAGE_NAME "FreeType"
| #define PACKAGE_TARNAME "freetype"
| #define PACKAGE_VERSION "2.3.9"
| #define PACKAGE_STRING "FreeType 2.3.9"
| #define PACKAGE_BUGREPORT "freetype@nongnu.org"
| #define STDC_HEADERS 1
| #define HAVE_SYS_TYPES_H 1
| #define HAVE_SYS_STAT_H 1
| #define HAVE_STDLIB_H 1
| #define HAVE_STRING_H 1
| #define HAVE_MEMORY_H 1
| #define HAVE_STRINGS_H 1
| #define HAVE_INTTYPES_H 1
| #define HAVE_STDINT_H 1
| #define HAVE_UNISTD_H 1
| #define HAVE_FCNTL_H 1
| #define HAVE_UNISTD_H 1
| #define SIZEOF_INT 4
| /* end confdefs.h.  */
| #include <stdio.h>
| #ifdef HAVE_SYS_TYPES_H
| # include <sys/types.h>
| #endif
| #ifdef HAVE_SYS_STAT_H
| # include <sys/stat.h>
| #endif
| #ifdef STDC_HEADERS
| # include <stdlib.h>
| # include <stddef.h>
| #else
| # ifdef HAVE_STDLIB_H
| #  include <stdlib.h>
| # endif
| #endif
| #ifdef HAVE_STRING_H
| # if !defined STDC_HEADERS && defined HAVE_MEMORY_H
| #  include <memory.h>
| # endif
| # include <string.h>
| #endif
| #ifdef HAVE_STRINGS_H
| # include <strings.h>
| #endif
| #ifdef HAVE_INTTYPES_H
| # include <inttypes.h>
| #endif
| #ifdef HAVE_STDINT_H
| # include <stdint.h>
| #endif
| #ifdef HAVE_UNISTD_H
| # include <unistd.h>
| #endif
| int
| main ()
| {
| static int test_array [1 - 2 * !(((long int) (sizeof (long))) <= 0)];
| test_array [0] = 0
| 
|   ;
|   return 0;
| }
configure:4778: arm-uclinuxeabi-gcc -c -I. -I/usr/local/minigui/cross/arm/cortex-m3/include -mcpu=cortex-m3 -mthumb  conftest.c >&5
conftest.c: In function 'main':
conftest.c:57: error: size of array 'test_array' is negative
configure:4785: $? = 1
configure: failed program was:
| /* confdefs.h.  */
| #define PACKAGE_NAME "FreeType"
| #define PACKAGE_TARNAME "freetype"
| #define PACKAGE_VERSION "2.3.9"
| #define PACKAGE_STRING "FreeType 2.3.9"
| #define PACKAGE_BUGREPORT "freetype@nongnu.org"
| #define STDC_HEADERS 1
| #define HAVE_SYS_TYPES_H 1
| #define HAVE_SYS_STAT_H 1
| #define HAVE_STDLIB_H 1
| #define HAVE_STRING_H 1
| #define HAVE_MEMORY_H 1
| #define HAVE_STRINGS_H 1
| #define HAVE_INTTYPES_H 1
| #define HAVE_STDINT_H 1
| #define HAVE_UNISTD_H 1
| #define HAVE_FCNTL_H 1
| #define HAVE_UNISTD_H 1
| #define SIZEOF_INT 4
| /* end confdefs.h.  */
| #include <stdio.h>
| #ifdef HAVE_SYS_TYPES_H
| # include <sys/types.h>
| #endif
| #ifdef HAVE_SYS_STAT_H
| # include <sys/stat.h>
| #endif
| #ifdef STDC_HEADERS
| # include <stdlib.h>
| # include <stddef.h>
| #else
| # ifdef HAVE_STDLIB_H
| #  include <stdlib.h>
| # endif
| #endif
| #ifdef HAVE_STRING_H
| # if !defined STDC_HEADERS && defined HAVE_MEMORY_H
| #  include <memory.h>
| # endif
| # include <string.h>
| #endif
| #ifdef HAVE_STRINGS_H
| # include <strings.h>
| #endif
| #ifdef HAVE_INTTYPES_H
| # include <inttypes.h>
| #endif
| #ifdef HAVE_STDINT_H
| # include <stdint.h>
| #endif
| #ifdef HAVE_UNISTD_H
| # include <unistd.h>
| #endif
| int
| main ()
| {
| static int test_array [1 - 2 * !(((long int) (sizeof (long))) <= 1)];
| test_array [0] = 0
| 
|   ;
|   return 0;
| }
configure:4778: arm-uclinuxeabi-gcc -c -I. -I/usr/local/minigui/cross/arm/cortex-m3/include -mcpu=cortex-m3 -mthumb  conftest.c >&5
conftest.c: In function 'main':
conftest.c:57: error: size of array 'test_array' is negative
configure:4785: $? = 1
configure: failed program was:
| /* confdefs.h.  */
| #define PACKAGE_NAME "FreeType"
| #define PACKAGE_TARNAME "freetype"
| #define PACKAGE_VERSION "2.3.9"
| #define PACKAGE_STRING "FreeType 2.3.9"
| #define PACKAGE_BUGREPORT "freetype@nongnu.org"
| #define STDC_HEADERS 1
| #define HAVE_SYS_TYPES_H 1
| #define HAVE_SYS_STAT_H 1
| #define HAVE_STDLIB_H 1
| #define HAVE_STRING_H 1
| #define HAVE_MEMORY_H 1
| #define HAVE_STRINGS_H 1
| #define HAVE_INTTYPES_H 1
| #define HAVE_STDINT_H 1
| #define HAVE_UNISTD_H 1
| #define HAVE_FCNTL_H 1
| #define HAVE_UNISTD_H 1
| #define SIZEOF_INT 4
| /* end confdefs.h.  */
| #include <stdio.h>
| #ifdef HAVE_SYS_TYPES_H
| # include <sys/types.h>
| #endif
| #ifdef HAVE_SYS_STAT_H
| # include <sys/stat.h>
| #endif
| #ifdef STDC_HEADERS
| # include <stdlib.h>
| # include <stddef.h>
| #else
| # ifdef HAVE_STDLIB_H
| #  include <stdlib.h>
| # endif
| #endif
| #ifdef HAVE_STRING_H
| # if !defined STDC_HEADERS && defined HAVE_MEMORY_H
| #  include <memory.h>
| # endif
| # include <string.h>
| #endif
| #ifdef HAVE_STRINGS_H
| # include <strings.h>
| #endif
| #ifdef HAVE_INTTYPES_H
| # include <inttypes.h>
| #endif
| #ifdef HAVE_STDINT_H
| # include <stdint.h>
| #endif
| #ifdef HAVE_UNISTD_H
| # include <unistd.h>
| #endif
| int
| main ()
| {
| static int test_array [1 - 2 * !(((long int) (sizeof (long))) <= 3)];
| test_array [0] = 0
| 
|   ;
|   return 0;
| }
configure:4778: arm-uclinuxeabi-gcc -c -I. -I/usr/local/minigui/cross/arm/cortex-m3/include -mcpu=cortex-m3 -mthumb  conftest.c >&5
configure:4785: $? = 0
configure:4933: arm-uclinuxeabi-gcc -c -I. -I/usr/local/minigui/cross/arm/cortex-m3/include -mcpu=cortex-m3 -mthumb  conftest.c >&5
configure:4940: $? = 0
configure:4933: arm-uclinuxeabi-gcc -c -I. -I/usr/local/minigui/cross/arm/cortex-m3/include -mcpu=cortex-m3 -mthumb  conftest.c >&5
configure:4940: $? = 0
configure:5056: result: 4
configure:5070: checking cpp computation of bit length in ftconfig.in works
configure:5121: result: yes
configure:5152: checking for stdlib.h
configure:5159: result: yes
configure:5152: checking for unistd.h
configure:5159: result: yes
configure:5302: checking for getpagesize
configure:5358: arm-uclinuxeabi-gcc -o conftest -I. -I/usr/local/minigui/cross/arm/cortex-m3/include -mcpu=cortex-m3 -mthumb  -L/usr/local/minigui/cross/arm/cortex-m3/lib conftest.c  >&5
configure:5365: $? = 0
configure:5387: result: yes
configure:5399: checking for working mmap
configure:5577: result: no
configure:5732: checking for memcpy
configure:5788: arm-uclinuxeabi-gcc -o conftest -I. -I/usr/local/minigui/cross/arm/cortex-m3/include -mcpu=cortex-m3 -mthumb  -L/usr/local/minigui/cross/arm/cortex-m3/lib conftest.c  >&5
conftest.c:48: warning: conflicting types for built-in function 'memcpy'
configure:5795: $? = 0
configure:5817: result: yes
configure:5732: checking for memmove
configure:5788: arm-uclinuxeabi-gcc -o conftest -I. -I/usr/local/minigui/cross/arm/cortex-m3/include -mcpu=cortex-m3 -mthumb  -L/usr/local/minigui/cross/arm/cortex-m3/lib conftest.c  >&5
conftest.c:49: warning: conflicting types for built-in function 'memmove'
configure:5795: $? = 0
configure:5817: result: yes
configure:5841: checking for gzsetparams in -lz
configure:5876: arm-uclinuxeabi-gcc -o conftest -I. -I/usr/local/minigui/cross/arm/cortex-m3/include -mcpu=cortex-m3 -mthumb  -L/usr/local/minigui/cross/arm/cortex-m3/lib conftest.c -lz   >&5
configure:5883: $? = 0
configure:5904: result: yes
configure:5917: checking zlib.h usability
configure:5934: arm-uclinuxeabi-gcc -c -I. -I/usr/local/minigui/cross/arm/cortex-m3/include -mcpu=cortex-m3 -mthumb  conftest.c >&5
configure:5941: $? = 0
configure:5955: result: yes
configure:5959: checking zlib.h presence
configure:5974: arm-uclinuxeabi-gcc -E  conftest.c
conftest.c:27: fatal error: zlib.h: No such file or directory
compilation terminated.
configure:5981: $? = 1
configure: failed program was:
| /* confdefs.h.  */
| #define PACKAGE_NAME "FreeType"
| #define PACKAGE_TARNAME "freetype"
| #define PACKAGE_VERSION "2.3.9"
| #define PACKAGE_STRING "FreeType 2.3.9"
| #define PACKAGE_BUGREPORT "freetype@nongnu.org"
| #define STDC_HEADERS 1
| #define HAVE_SYS_TYPES_H 1
| #define HAVE_SYS_STAT_H 1
| #define HAVE_STDLIB_H 1
| #define HAVE_STRING_H 1
| #define HAVE_MEMORY_H 1
| #define HAVE_STRINGS_H 1
| #define HAVE_INTTYPES_H 1
| #define HAVE_STDINT_H 1
| #define HAVE_UNISTD_H 1
| #define HAVE_FCNTL_H 1
| #define HAVE_UNISTD_H 1
| #define SIZEOF_INT 4
| #define SIZEOF_LONG 4
| #define HAVE_STDLIB_H 1
| #define HAVE_UNISTD_H 1
| #define HAVE_GETPAGESIZE 1
| #define HAVE_MEMCPY 1
| #define HAVE_MEMMOVE 1
| /* end confdefs.h.  */
| #include <zlib.h>
configure:5995: result: no
configure:6001: WARNING: zlib.h: accepted by the compiler, rejected by the preprocessor!
configure:6003: WARNING: zlib.h: proceeding with the compiler's result
configure:6028: checking for zlib.h
configure:6035: result: yes
configure:6057: checking whether CFLAGS includes -isysroot option
configure:6081: result: no
configure:6873: checking for a sed that does not truncate output
configure:6939: result: /bin/sed
configure:6957: checking for fgrep
configure:7021: result: /bin/grep -F
configure:7056: checking for ld used by arm-uclinuxeabi-gcc
configure:7123: result: arm-uclinuxeabi-ld
configure:7132: checking if the linker (arm-uclinuxeabi-ld) is GNU ld
configure:7147: result: yes
configure:7159: checking for BSD- or MS-compatible name lister (nm)
configure:7208: result: /usr/local/arm/gcc-4.4.4-glibc-2.11.1-multilib-1.0/arm-fsl-linux-gnueabi/bin/arm-linux-nm -B
configure:7326: checking the name lister (/usr/local/arm/gcc-4.4.4-glibc-2.11.1-multilib-1.0/arm-fsl-linux-gnueabi/bin/arm-linux-nm -B) interface
configure:7333: arm-uclinuxeabi-gcc -c -I. -I/usr/local/minigui/cross/arm/cortex-m3/include -mcpu=cortex-m3 -mthumb -DFT_CONFIG_OPTION_SYSTEM_ZLIB  conftest.c >&5
configure:7336: /usr/local/arm/gcc-4.4.4-glibc-2.11.1-multilib-1.0/arm-fsl-linux-gnueabi/bin/arm-linux-nm -B "conftest.o"
configure:7339: output
00000000 B some_variable
configure:7346: result: BSD nm
configure:7349: checking whether ln -s works
configure:7353: result: yes
configure:7361: checking the maximum length of command line arguments
configure:7481: result: 3458764513820540925
configure:7498: checking whether the shell understands some XSI constructs
configure:7508: result: yes
configure:7512: checking whether the shell understands "+="
configure:7518: result: yes
configure:7553: checking for arm-uclinuxeabi-ld option to reload object files
configure:7560: result: -r
configure:7589: checking for arm-linux-objdump
configure:7616: result: arm-uclinuxeabi-objdump
configure:7685: checking how to recognize dependent libraries
configure:7881: result: pass_all
configure:7901: checking for arm-linux-ar
configure:7928: result: arm-uclinuxeabi-ar
configure:8006: checking for arm-linux-strip
configure:8033: result: arm-uclinuxeabi-strip
configure:8105: checking for arm-linux-ranlib
configure:8132: result: arm-uclinuxeabi-ranlib
configure:8262: checking command to parse /usr/local/arm/gcc-4.4.4-glibc-2.11.1-multilib-1.0/arm-fsl-linux-gnueabi/bin/arm-linux-nm -B output from arm-uclinuxeabi-gcc object
configure:8380: arm-uclinuxeabi-gcc -c -I. -I/usr/local/minigui/cross/arm/cortex-m3/include -mcpu=cortex-m3 -mthumb -DFT_CONFIG_OPTION_SYSTEM_ZLIB  conftest.c >&5
configure:8383: $? = 0
configure:8387: /usr/local/arm/gcc-4.4.4-glibc-2.11.1-multilib-1.0/arm-fsl-linux-gnueabi/bin/arm-linux-nm -B conftest.o \| sed -n -e 's/^.*[	 ]\([ABCDGIRSTW][ABCDGIRSTW]*\)[	 ][	 ]*\([_A-Za-z][_A-Za-z0-9]*\)$/\1 \2 \2/p' \> conftest.nm
configure:8390: $? = 0
configure:8444: arm-uclinuxeabi-gcc -o conftest -I. -I/usr/local/minigui/cross/arm/cortex-m3/include -mcpu=cortex-m3 -mthumb -DFT_CONFIG_OPTION_SYSTEM_ZLIB  -L/usr/local/minigui/cross/arm/cortex-m3/lib -lz conftest.c conftstm.o >&5
configure:8447: $? = 0
configure:8485: result: ok
configure:9350: checking for dlfcn.h
configure:9371: arm-uclinuxeabi-gcc -c -I. -I/usr/local/minigui/cross/arm/cortex-m3/include -mcpu=cortex-m3 -mthumb -DFT_CONFIG_OPTION_SYSTEM_ZLIB  conftest.c >&5
conftest.c:61: fatal error: dlfcn.h: No such file or directory
compilation terminated.
configure:9378: $? = 1
configure: failed program was:
| /* confdefs.h.  */
| #define PACKAGE_NAME "FreeType"
| #define PACKAGE_TARNAME "freetype"
| #define PACKAGE_VERSION "2.3.9"
| #define PACKAGE_STRING "FreeType 2.3.9"
| #define PACKAGE_BUGREPORT "freetype@nongnu.org"
| #define STDC_HEADERS 1
| #define HAVE_SYS_TYPES_H 1
| #define HAVE_SYS_STAT_H 1
| #define HAVE_STDLIB_H 1
| #define HAVE_STRING_H 1
| #define HAVE_MEMORY_H 1
| #define HAVE_STRINGS_H 1
| #define HAVE_INTTYPES_H 1
| #define HAVE_STDINT_H 1
| #define HAVE_UNISTD_H 1
| #define HAVE_FCNTL_H 1
| #define HAVE_UNISTD_H 1
| #define SIZEOF_INT 4
| #define SIZEOF_LONG 4
| #define HAVE_STDLIB_H 1
| #define HAVE_UNISTD_H 1
| #define HAVE_GETPAGESIZE 1
| #define HAVE_MEMCPY 1
| #define HAVE_MEMMOVE 1
| /* end confdefs.h.  */
| #include <stdio.h>
| #ifdef HAVE_SYS_TYPES_H
| # include <sys/types.h>
| #endif
| #ifdef HAVE_SYS_STAT_H
| # include <sys/stat.h>
| #endif
| #ifdef STDC_HEADERS
| # include <stdlib.h>
| # include <stddef.h>
| #else
| # ifdef HAVE_STDLIB_H
| #  include <stdlib.h>
| # endif
| #endif
| #ifdef HAVE_STRING_H
| # if !defined STDC_HEADERS && defined HAVE_MEMORY_H
| #  include <memory.h>
| # endif
| # include <string.h>
| #endif
| #ifdef HAVE_STRINGS_H
| # include <strings.h>
| #endif
| #ifdef HAVE_INTTYPES_H
| # include <inttypes.h>
| #endif
| #ifdef HAVE_STDINT_H
| # include <stdint.h>
| #endif
| #ifdef HAVE_UNISTD_H
| # include <unistd.h>
| #endif
| 
| #include <dlfcn.h>
configure:9395: result: no
configure:9879: checking for objdir
configure:9894: result: .libs
configure:10186: checking if arm-uclinuxeabi-gcc supports -fno-rtti -fno-exceptions
configure:10204: arm-uclinuxeabi-gcc -c -I. -I/usr/local/minigui/cross/arm/cortex-m3/include -mcpu=cortex-m3 -mthumb -DFT_CONFIG_OPTION_SYSTEM_ZLIB  -fno-rtti -fno-exceptions conftest.c >&5
cc1: warning: command line option "-fno-rtti" is valid for C++/ObjC++ but not for C
configure:10208: $? = 0
configure:10221: result: no
configure:10241: checking for arm-uclinuxeabi-gcc option to produce PIC
configure:10513: result: -fPIC -DPIC
configure:10525: checking if arm-uclinuxeabi-gcc PIC flag -fPIC -DPIC works
configure:10543: arm-uclinuxeabi-gcc -c -I. -I/usr/local/minigui/cross/arm/cortex-m3/include -mcpu=cortex-m3 -mthumb -DFT_CONFIG_OPTION_SYSTEM_ZLIB  -fPIC -DPIC -DPIC conftest.c >&5
configure:10547: $? = 0
configure:10560: result: yes
configure:10584: checking if arm-uclinuxeabi-gcc static flag -static works
configure:10612: result: yes
configure:10627: checking if arm-uclinuxeabi-gcc supports -c -o file.o
configure:10648: arm-uclinuxeabi-gcc -c -I. -I/usr/local/minigui/cross/arm/cortex-m3/include -mcpu=cortex-m3 -mthumb -DFT_CONFIG_OPTION_SYSTEM_ZLIB  -o out/conftest2.o conftest.c >&5
configure:10652: $? = 0
configure:10674: result: yes
configure:10682: checking if arm-uclinuxeabi-gcc supports -c -o file.o
configure:10729: result: yes
configure:10762: checking whether the arm-uclinuxeabi-gcc linker (arm-uclinuxeabi-ld) supports shared libraries
configure:11836: result: yes
configure:12075: checking dynamic linker characteristics
configure:12518: arm-uclinuxeabi-gcc -o conftest -I. -I/usr/local/minigui/cross/arm/cortex-m3/include -mcpu=cortex-m3 -mthumb -DFT_CONFIG_OPTION_SYSTEM_ZLIB  -L/usr/local/minigui/cross/arm/cortex-m3/lib -lz -Wl,-rpath -Wl,/foo conftest.c  >&5
configure:12525: $? = 0
configure:12758: result: GNU/Linux ld.so
configure:12860: checking how to hardcode library paths into programs
configure:12885: result: immediate
configure:13718: checking whether stripping libraries is possible
configure:13723: result: yes
configure:13758: checking if libtool supports shared libraries
configure:13760: result: yes
configure:13763: checking whether to build shared libraries
configure:13784: result: no
configure:13787: checking whether to build static libraries
configure:13791: result: yes
configure:13952: creating ./config.status

## ---------------------- ##
## Running config.status. ##
## ---------------------- ##

This file was extended by FreeType config.status 2.3.9, which was
generated by GNU Autoconf 2.63.  Invocation command line was

  CONFIG_FILES    = 
  CONFIG_HEADERS  = 
  CONFIG_LINKS    = 
  CONFIG_COMMANDS = 
  $ ./config.status 

on hujiafu-virtual-machine

config.status:978: creating unix-cc.mk
config.status:978: creating unix-def.mk
config.status:978: creating freetype-config
config.status:978: creating freetype2.pc
config.status:978: creating ftconfig.h
config.status:1212: executing libtool commands

## ---------------- ##
## Cache variables. ##
## ---------------- ##

ac_cv_build=i686-pc-linux-gnu
ac_cv_c_compiler_gnu=yes
ac_cv_c_const=yes
ac_cv_env_CC_set=set
ac_cv_env_CC_value=arm-uclinuxeabi-gcc
ac_cv_env_CFLAGS_set=set
ac_cv_env_CFLAGS_value='-I. -I/usr/local/minigui/cross/arm/cortex-m3/include -mcpu=cortex-m3 -mthumb'
ac_cv_env_CPPFLAGS_set=
ac_cv_env_CPPFLAGS_value=
ac_cv_env_CPP_set=
ac_cv_env_CPP_value=
ac_cv_env_LDFLAGS_set=set
ac_cv_env_LDFLAGS_value=-L/usr/local/minigui/cross/arm/cortex-m3/lib
ac_cv_env_LIBS_set=
ac_cv_env_LIBS_value=
ac_cv_env_build_alias_set=set
ac_cv_env_build_alias_value=i686-linux
ac_cv_env_host_alias_set=set
ac_cv_env_host_alias_value=arm-linux
ac_cv_env_target_alias_set=set
ac_cv_env_target_alias_value=arm-linux
ac_cv_func_getpagesize=yes
ac_cv_func_memcpy=yes
ac_cv_func_memmove=yes
ac_cv_func_mmap_fixed_mapped=no
ac_cv_header_dlfcn_h=no
ac_cv_header_fcntl_h=yes
ac_cv_header_inttypes_h=yes
ac_cv_header_memory_h=yes
ac_cv_header_stdc=yes
ac_cv_header_stdint_h=yes
ac_cv_header_stdlib_h=yes
ac_cv_header_string_h=yes
ac_cv_header_strings_h=yes
ac_cv_header_sys_stat_h=yes
ac_cv_header_sys_types_h=yes
ac_cv_header_unistd_h=yes
ac_cv_header_zlib_h=yes
ac_cv_host=arm-unknown-linux-gnu
ac_cv_lib_z_gzsetparams=yes
ac_cv_objext=o
ac_cv_path_EGREP='/bin/grep -E'
ac_cv_path_FGREP='/bin/grep -F'
ac_cv_path_GREP=/bin/grep
ac_cv_path_SED=/bin/sed
ac_cv_path_install='/usr/bin/install -c'
ac_cv_prog_AR=arm-uclinuxeabi-ar
ac_cv_prog_CC=arm-uclinuxeabi-gcc
ac_cv_prog_CC_BUILD=gcc
ac_cv_prog_CPP='arm-uclinuxeabi-gcc -E'
ac_cv_prog_OBJDUMP=arm-uclinuxeabi-objdump
ac_cv_prog_RANLIB=arm-uclinuxeabi-ranlib
ac_cv_prog_RMDIR=rmdir
ac_cv_prog_RMF='rm -f'
ac_cv_prog_STRIP=arm-uclinuxeabi-strip
ac_cv_prog_cc_c89=
ac_cv_prog_cc_g=yes
ac_cv_sizeof_int=4
ac_cv_sizeof_long=4
lt_cv_deplibs_check_method=pass_all
lt_cv_file_magic_cmd='$MAGIC_CMD'
lt_cv_file_magic_test_file=
lt_cv_ld_reload_flag=-r
lt_cv_nm_interface='BSD nm'
lt_cv_objdir=.libs
lt_cv_path_LD=arm-uclinuxeabi-ld
lt_cv_path_NM='/usr/local/arm/gcc-4.4.4-glibc-2.11.1-multilib-1.0/arm-fsl-linux-gnueabi/bin/arm-linux-nm -B'
lt_cv_prog_compiler_c_o=yes
lt_cv_prog_compiler_pic_works=yes
lt_cv_prog_compiler_rtti_exceptions=no
lt_cv_prog_compiler_static_works=yes
lt_cv_prog_gnu_ld=yes
lt_cv_sys_global_symbol_pipe='sed -n -e '\''s/^.*[	 ]\([ABCDGIRSTW][ABCDGIRSTW]*\)[	 ][	 ]*\([_A-Za-z][_A-Za-z0-9]*\)$/\1 \2 \2/p'\'''
lt_cv_sys_global_symbol_to_c_name_address='sed -n -e '\''s/^: \([^ ]*\) $/  {\"\1\", (void *) 0},/p'\'' -e '\''s/^[ABCDGIRSTW]* \([^ ]*\) \([^ ]*\)$/  {"\2", (void *) \&\2},/p'\'''
lt_cv_sys_global_symbol_to_c_name_address_lib_prefix='sed -n -e '\''s/^: \([^ ]*\) $/  {\"\1\", (void *) 0},/p'\'' -e '\''s/^[ABCDGIRSTW]* \([^ ]*\) \(lib[^ ]*\)$/  {"\2", (void *) \&\2},/p'\'' -e '\''s/^[ABCDGIRSTW]* \([^ ]*\) \([^ ]*\)$/  {"lib\2", (void *) \&\2},/p'\'''
lt_cv_sys_global_symbol_to_cdecl='sed -n -e '\''s/^T .* \(.*\)$/extern int \1();/p'\'' -e '\''s/^[ABCDGIRSTW]* .* \(.*\)$/extern char \1;/p'\'''
lt_cv_sys_max_cmd_len=3458764513820540925

## ----------------- ##
## Output variables. ##
## ----------------- ##

AR='arm-uclinuxeabi-ar'
AS='arm-uclinuxeabi-as'
CC='arm-uclinuxeabi-gcc'
CC_BUILD='gcc'
CFLAGS='-I. -I/usr/local/minigui/cross/arm/cortex-m3/include -mcpu=cortex-m3 -mthumb -DFT_CONFIG_OPTION_SYSTEM_ZLIB'
CPP='arm-uclinuxeabi-gcc -E'
CPPFLAGS=''
DEFS='-DHAVE_CONFIG_H'
DLLTOOL='dlltool'
DSYMUTIL=''
DUMPBIN=''
ECHO_C=''
ECHO_N='-n'
ECHO_T=''
EGREP='/bin/grep -E'
EXEEXT=''
EXEEXT_BUILD=''
FGREP='/bin/grep -F'
FT2_EXTRA_LIBS=''
FTSYS_SRC='$(BASE_DIR)/ftsystem.c'
GREP='/bin/grep'
INSTALL_DATA='${INSTALL} -m 644'
INSTALL_PROGRAM='${INSTALL}'
INSTALL_SCRIPT='${INSTALL}'
LD='arm-uclinuxeabi-ld'
LDFLAGS='-L/usr/local/minigui/cross/arm/cortex-m3/lib -lz'
LIBOBJS=''
LIBS=''
LIBTOOL='$(SHELL) $(top_builddir)/libtool'
LIBZ='-lz'
LIPO=''
LN_S='ln -s'
LTLIBOBJS=''
NM='/usr/local/arm/gcc-4.4.4-glibc-2.11.1-multilib-1.0/arm-fsl-linux-gnueabi/bin/arm-linux-nm -B'
NMEDIT=''
OBJDUMP='arm-uclinuxeabi-objdump'
OBJEXT='o'
OTOOL64=''
OTOOL=''
PACKAGE_BUGREPORT='freetype@nongnu.org'
PACKAGE_NAME='FreeType'
PACKAGE_STRING='FreeType 2.3.9'
PACKAGE_TARNAME='freetype'
PACKAGE_VERSION='2.3.9'
PATH_SEPARATOR=':'
RANLIB='arm-uclinuxeabi-ranlib'
RMDIR='rmdir'
RMF='rm -f'
SED='/bin/sed'
SHELL='/bin/bash'
STRIP='arm-uclinuxeabi-strip'
SYSTEM_ZLIB='yes'
XX_ANSIFLAGS=''
XX_CFLAGS=''
ac_ct_CC=''
ac_ct_DUMPBIN=''
bindir='${exec_prefix}/bin'
build='i686-pc-linux-gnu'
build_alias='i686-linux'
build_cpu='i686'
build_libtool_libs=''
build_os='linux-gnu'
build_vendor='pc'
datadir='${datarootdir}'
datarootdir='${prefix}/share'
docdir='${datarootdir}/doc/${PACKAGE_TARNAME}'
dvidir='${docdir}'
exec_prefix='${prefix}'
ft_version='9.20.3'
ftmac_c=''
hardcode_libdir_flag_spec='${wl}-rpath ${wl}$libdir'
host='arm-unknown-linux-gnu'
host_alias='arm-linux'
host_cpu='arm'
host_os='linux-gnu'
host_vendor='unknown'
htmldir='${docdir}'
includedir='${prefix}/include'
infodir='${datarootdir}/info'
libdir='${exec_prefix}/lib'
libexecdir='${exec_prefix}/libexec'
localedir='${datarootdir}/locale'
localstatedir='${prefix}/var'
lt_ECHO='echo'
mandir='${datarootdir}/man'
oldincludedir='/usr/include'
pdfdir='${docdir}'
prefix='/usr/local/minigui/cross/arm/cortex-m3'
program_transform_name='s,x,x,'
psdir='${docdir}'
sbindir='${exec_prefix}/sbin'
sharedstatedir='${prefix}/com'
sysconfdir='${prefix}/etc'
target_alias='arm-linux'
version_info='9:20:3'
wl='-Wl,'

## ----------- ##
## confdefs.h. ##
## ----------- ##

#define PACKAGE_NAME "FreeType"
#define PACKAGE_TARNAME "freetype"
#define PACKAGE_VERSION "2.3.9"
#define PACKAGE_STRING "FreeType 2.3.9"
#define PACKAGE_BUGREPORT "freetype@nongnu.org"
#define STDC_HEADERS 1
#define HAVE_SYS_TYPES_H 1
#define HAVE_SYS_STAT_H 1
#define HAVE_STDLIB_H 1
#define HAVE_STRING_H 1
#define HAVE_MEMORY_H 1
#define HAVE_STRINGS_H 1
#define HAVE_INTTYPES_H 1
#define HAVE_STDINT_H 1
#define HAVE_UNISTD_H 1
#define HAVE_FCNTL_H 1
#define HAVE_UNISTD_H 1
#define SIZEOF_INT 4
#define SIZEOF_LONG 4
#define HAVE_STDLIB_H 1
#define HAVE_UNISTD_H 1
#define HAVE_GETPAGESIZE 1
#define HAVE_MEMCPY 1
#define HAVE_MEMMOVE 1
#define LT_OBJDIR ".libs/"

configure: exit 0
